[debug] [2017-07-27T17:05:56.645Z] ----------------------------------------------------------------------
[debug] [2017-07-27T17:05:56.647Z] Command:      /usr/local/bin/node /usr/local/bin/firebase serve
[debug] [2017-07-27T17:05:56.648Z] CLI Version:  3.9.1
[debug] [2017-07-27T17:05:56.648Z] Platform:     darwin
[debug] [2017-07-27T17:05:56.648Z] Node Version: v6.10.3
[debug] [2017-07-27T17:05:56.648Z] Time:         Thu Jul 27 2017 10:05:56 GMT-0700 (PDT)
[debug] [2017-07-27T17:05:56.648Z] ----------------------------------------------------------------------
[debug] 
[debug] [2017-07-27T17:05:56.661Z] > command requires scopes: ["email","openid","https://www.googleapis.com/auth/cloudplatformprojects.readonly","https://www.googleapis.com/auth/firebase","https://www.googleapis.com/auth/cloud-platform"]
[debug] [2017-07-27T17:05:56.661Z] > authorizing via signed-in user
[debug] [2017-07-27T17:05:56.663Z] > refreshing access token with scopes: ["email","https://www.googleapis.com/auth/cloud-platform","https://www.googleapis.com/auth/cloudplatformprojects.readonly","https://www.googleapis.com/auth/firebase","openid"]
[debug] [2017-07-27T17:05:56.663Z] >>> HTTP REQUEST POST https://www.googleapis.com/oauth2/v3/token { refresh_token: '1/m6M8-OUfImgSonYd3Pp6FE16Ws9yTYpI1Ob9NTPqnm3sFX-aZPa4zmkrt0l1Cb0Z',
  client_id: '563584335869-fgrhgmd47bqnekij5i8b5pr03ho849e6.apps.googleusercontent.com',
  client_secret: 'j9iVZfS8kkCEFUPaAeJV0sAi',
  grant_type: 'refresh_token',
  scope: 'email https://www.googleapis.com/auth/cloud-platform https://www.googleapis.com/auth/cloudplatformprojects.readonly https://www.googleapis.com/auth/firebase openid' } 
 Thu Jul 27 2017 10:05:56 GMT-0700 (PDT)
[debug] [2017-07-27T17:05:56.967Z] <<< HTTP RESPONSE 200
[debug] [2017-07-27T17:05:56.971Z] >>> HTTP REQUEST GET https://admin.firebase.com/v1/projects/ezstocks-f62f9  
 Thu Jul 27 2017 10:05:56 GMT-0700 (PDT)
[debug] [2017-07-27T17:05:57.662Z] <<< HTTP RESPONSE 200
[debug] [2017-07-27T17:05:57.663Z] >>> HTTP REQUEST GET https://admin.firebase.com/v1/database/ezstocks-f62f9/tokens  
 Thu Jul 27 2017 10:05:57 GMT-0700 (PDT)
[debug] [2017-07-27T17:05:58.602Z] <<< HTTP RESPONSE 200
[info] 
[info] === Serving from '/Users/livlucas/capstone'...
[info] 
[debug] [2017-07-27T17:05:58.608Z] >>> HTTP REQUEST GET https://cloudresourcemanager.googleapis.com/v1/projects/ezstocks-f62f9  
 Thu Jul 27 2017 10:05:58 GMT-0700 (PDT)
[debug] [2017-07-27T17:05:58.970Z] <<< HTTP RESPONSE 200
[debug] [2017-07-27T17:05:58.970Z] >>> HTTP REQUEST GET https://mobilesdk-pa.googleapis.com/v1/projects/169311396518/clients/_:getWebAppConfig  
 Thu Jul 27 2017 10:05:58 GMT-0700 (PDT)
[debug] [2017-07-27T17:05:59.431Z] <<< HTTP RESPONSE 200
[warn] ⚠  hosting: Port 5000 is not available. Trying another port...
[debug] [2017-07-27T17:05:59.462Z] >>> HTTP REQUEST GET https://cloudresourcemanager.googleapis.com/v1/projects/ezstocks-f62f9  
 Thu Jul 27 2017 10:05:59 GMT-0700 (PDT)
[debug] [2017-07-27T17:05:59.781Z] <<< HTTP RESPONSE 200
[debug] [2017-07-27T17:05:59.781Z] >>> HTTP REQUEST GET https://mobilesdk-pa.googleapis.com/v1/projects/169311396518/clients/_:getWebAppConfig  
 Thu Jul 27 2017 10:05:59 GMT-0700 (PDT)
[debug] [2017-07-27T17:06:00.125Z] <<< HTTP RESPONSE 200
[info] i  hosting: Serving hosting files from: public
[info] ✔  hosting: Local server: http://localhost:5004

